:::: Simulation parameters :::

Simulated by stochastic model.

prefix : patONT.R94.30X
id-prefix : P
depth : 30.000000
length-mean : 9000.000000
length-sd : 7000.000000
length-min : 1000
length-max : 1000000
accuracy-mean : 0.850000
accuracy-min : 0.750000
accuracy-max : 1.000000
difference-ratio : 6:54:40
seed : 1666131044

:::: Reference stats ::::

file name : paternal.fasta

ref.1 (len:4798435) : CP004009.1 Escherichia coli APEC O78, complete genome

:::: Simulation stats (ref.1) ::::

read num. : 15548
depth : 30.000000
read length mean (SD) : 9258.621688 (6841.008003)
read length min : 1000
read length max : 73036
read accuracy mean (SD) : 0.849395 (0.043145)
substitution rate. : 0.009026
insertion rate. : 0.081233
deletion rate. : 0.059955

:::: System utilization ::::

CPU time(s) : 6
Elapsed time(s) : 7
