:::: Simulation parameters :::

Simulated by stochastic model.

prefix : kidONT.R94.30X
id-prefix : K
depth : 30.000000
length-mean : 9000.000000
length-sd : 7000.000000
length-min : 1000
length-max : 1000000
accuracy-mean : 0.850000
accuracy-min : 0.750000
accuracy-max : 1.000000
difference-ratio : 6:54:40
seed : 1666151007

:::: Reference stats ::::

file name : kid.fasta

ref.1 (len:4578159) : CP001396.1 Escherichia coli BW2952, complete genome
ref.2 (len:4936576) : CP007442.1 Escherichia coli ACN001, complete genome

:::: Simulation stats (ref.1) ::::

read num. : 14930
depth : 30.000000
read length mean (SD) : 9199.247823 (6793.446762)
read length min : 1001
read length max : 66545
read accuracy mean (SD) : 0.849263 (0.043265)
substitution rate. : 0.009047
insertion rate. : 0.081377
deletion rate. : 0.060076

:::: Simulation stats (ref.2) ::::

read num. : 16003
depth : 30.000000
read length mean (SD) : 9254.344810 (6835.151192)
read length min : 1000
read length max : 73036
read accuracy mean (SD) : 0.849495 (0.042900)
substitution rate. : 0.009032
insertion rate. : 0.081242
deletion rate. : 0.059945

:::: System utilization ::::

CPU time(s) : 14
Elapsed time(s) : 15
