:::: Simulation parameters :::

Simulated by stochastic model.

prefix : kidONT.R103.30X
id-prefix : K
depth : 30.000000
length-mean : 9000.000000
length-sd : 7000.000000
length-min : 1000
length-max : 1000000
accuracy-mean : 0.950000
accuracy-min : 0.750000
accuracy-max : 1.000000
difference-ratio : 6:54:40
seed : 1666151007

:::: Reference stats ::::

file name : kid.fasta

ref.1 (len:4578159) : CP001396.1 Escherichia coli BW2952, complete genome
ref.2 (len:4936576) : CP007442.1 Escherichia coli ACN001, complete genome

:::: Simulation stats (ref.1) ::::

read num. : 14748
depth : 30.000000
read length mean (SD) : 9312.772579 (6885.560174)
read length min : 1001
read length max : 60168
read accuracy mean (SD) : 0.949791 (0.043913)
substitution rate. : 0.003026
insertion rate. : 0.027222
deletion rate. : 0.020176

:::: Simulation stats (ref.2) ::::

read num. : 15745
depth : 30.000000
read length mean (SD) : 9405.987933 (6968.998642)
read length min : 1000
read length max : 58502
read accuracy mean (SD) : 0.949703 (0.044070)
substitution rate. : 0.003022
insertion rate. : 0.027163
deletion rate. : 0.020130

:::: System utilization ::::

CPU time(s) : 11
Elapsed time(s) : 12
