:::: Simulation parameters :::

Simulated by stochastic model.

prefix : matONT.R103.30X
id-prefix : M
depth : 30.000000
length-mean : 9000.000000
length-sd : 7000.000000
length-min : 1000
length-max : 1000000
accuracy-mean : 0.950000
accuracy-min : 0.750000
accuracy-max : 1.000000
difference-ratio : 6:54:40
seed : 1666131755

:::: Reference stats ::::

file name : maternal.fasta

ref.1 (len:4936576) : CP007442.1 Escherichia coli ACN001, complete genome

:::: Simulation stats (ref.1) ::::

read num. : 15779
depth : 30.000000
read length mean (SD) : 9385.720261 (7016.018602)
read length min : 1000
read length max : 60850
read accuracy mean (SD) : 0.948897 (0.044855)
substitution rate. : 0.003087
insertion rate. : 0.027705
deletion rate. : 0.020528

:::: System utilization ::::

CPU time(s) : 6
Elapsed time(s) : 7
