:::: Simulation parameters :::

Simulated by stochastic model.

prefix : patONT.R103.30X
id-prefix : P
depth : 30.000000
length-mean : 9000.000000
length-sd : 7000.000000
length-min : 1000
length-max : 1000000
accuracy-mean : 0.950000
accuracy-min : 0.750000
accuracy-max : 1.000000
difference-ratio : 6:54:40
seed : 1666131755

:::: Reference stats ::::

file name : paternal.fasta

ref.1 (len:4798435) : CP004009.1 Escherichia coli APEC O78, complete genome

:::: Simulation stats (ref.1) ::::

read num. : 15343
depth : 30.000000
read length mean (SD) : 9382.327446 (7010.582821)
read length min : 1000
read length max : 60850
read accuracy mean (SD) : 0.948871 (0.044855)
substitution rate. : 0.003092
insertion rate. : 0.027744
deletion rate. : 0.020557

:::: System utilization ::::

CPU time(s) : 5
Elapsed time(s) : 7
